Recognize/app/build/intermediates/manifest_merge_blame_file/debug/manifest-merger-blame-debug-report.txt
1<?xml version="1.0" encoding="utf-8"?>
2<manifest xmlns:android="http://schemas.android.com/apk/res/android"
3    package="com.example.recognize"
4    android:versionCode="1"
5    android:versionName="1.0" >
6
7    <uses-sdk
8        android:minSdkVersion="21"
8-->src\main\AndroidManifest.xml
9        android:targetSdkVersion="29" />
9-->src\main\AndroidManifest.xml
10
11    <uses-feature android:name="android.hardware.camera" />
11-->src\main\AndroidManifest.xml:5:5-60
11-->src\main\AndroidManifest.xml:5:19-57
12
13    <uses-permission android:name="android.permission.WRITE_EXTERNAL_STORAGE" />
13-->src\main\AndroidManifest.xml:7:5-81
13-->src\main\AndroidManifest.xml:7:22-78
14    <uses-permission android:name="android.permission.READ_EXTERNAL_STORAGE" />
14-->src\main\AndroidManifest.xml:8:5-80
14-->src\main\AndroidManifest.xml:8:22-77
15    <uses-permission android:name="android.permission.INTERNET" />
15-->src\main\AndroidManifest.xml:9:5-67
15-->src\main\AndroidManifest.xml:9:22-64
16
17    <application
17-->src\main\AndroidManifest.xml:11:5-37:19
18        android:allowBackup="true"
18-->src\main\AndroidManifest.xml:12:9-35
19        android:appComponentFactory="androidx.core.app.CoreComponentFactory"
19-->[androidx.core:core:1.1.0] AndroidManifest.xml:24:18-86
20        android:debuggable="true"
21        android:icon="@drawable/icon"
21-->src\main\AndroidManifest.xml:13:9-38
22        android:label="@string/app_name"
22-->src\main\AndroidManifest.xml:14:9-41
23        android:networkSecurityConfig="@xml/network_security_config"
23-->src\main\AndroidManifest.xml:15:9-69
24        android:roundIcon="@mipmap/ic_launcher_round"
24-->src\main\AndroidManifest.xml:16:9-54
25        android:supportsRtl="true"
25-->src\main\AndroidManifest.xml:17:9-35
26        android:theme="@style/AppTheme" >
26-->src\main\AndroidManifest.xml:18:9-40
27        <activity android:name="com.recognize.login.MainActivity" >
27-->src\main\AndroidManifest.xml:19:9-24:20
27-->src\main\AndroidManifest.xml:19:19-66
28            <intent-filter>
28-->src\main\AndroidManifest.xml:20:13-23:29
29                <action android:name="android.intent.action.MAIN" />
29-->src\main\AndroidManifest.xml:21:17-69
29-->src\main\AndroidManifest.xml:21:25-66
30
31                <category android:name="android.intent.category.LAUNCHER" />
31-->src\main\AndroidManifest.xml:22:17-77
31-->src\main\AndroidManifest.xml:22:27-74
32            </intent-filter>
33        </activity>
34        <activity android:name="com.recognize.recognize.UploadImageActivity" />
34-->src\main\AndroidManifest.xml:25:9-89
34-->src\main\AndroidManifest.xml:25:19-77
35        <activity android:name="com.recognize.clipImage.ClipImageActivity" />
35-->src\main\AndroidManifest.xml:26:9-87
35-->src\main\AndroidManifest.xml:26:19-75
36
37        <provider
37-->src\main\AndroidManifest.xml:28:9-36:20
38            android:name="androidx.core.content.FileProvider"
38-->src\main\AndroidManifest.xml:29:13-62
39            android:authorities="com.recognize.recognize.provider"
39-->src\main\AndroidManifest.xml:30:13-67
40            android:exported="false"
40-->src\main\AndroidManifest.xml:31:13-37
41            android:grantUriPermissions="true" >
41-->src\main\AndroidManifest.xml:32:13-47
42            <meta-data
42-->src\main\AndroidManifest.xml:33:13-35:54
43                android:name="android.support.FILE_PROVIDER_PATHS"
43-->src\main\AndroidManifest.xml:34:17-67
44                android:resource="@xml/file_paths" />
44-->src\main\AndroidManifest.xml:35:17-51
45        </provider>
46    </application>
47
48</manifest>